8300 .START (2020-05-17 22:33:31) phpCAS-1.3.8 ****************** [CAS.php:475]
8300 .=> phpCAS::setNoCasServerValidation() [login.php:24]
8300 .|    You have configured no validation of the legitimacy of the cas server. This is not recommended for production use. [CAS.php:1664]
8300 .<= ''
8300 .=> CAS_Client::handleLogoutRequests(true, array ()) [CAS.php:1298]
8300 .|    Not a logout request [Client.php:1744]
8300 .<= ''
8300 .=> phpCAS::forceAuthentication() [login.php:30]
8300 .|    => CAS_Client::forceAuthentication() [CAS.php:1120]
8300 .|    |    => CAS_Client::isAuthenticated() [Client.php:1286]
8300 .|    |    |    => CAS_Client::_wasPreviouslyAuthenticated() [Client.php:1398]
8300 .|    |    |    |    no user found [Client.php:1640]
8300 .|    |    |    <= false
8300 .|    |    |    no ticket found [Client.php:1499]
8300 .|    |    <= false
8300 .|    |    => CAS_Client::redirectToCas(false) [Client.php:1295]
8300 .|    |    |    => CAS_Client::getServerLoginURL(false, false) [Client.php:1661]
8300 .|    |    |    |    => CAS_Client::getURL() [Client.php:342]
8300 .|    |    |    |    |    Final URI: http://localhost/login.php?id=student [Client.php:3585]
8300 .|    |    |    |    <= 'http://localhost/login.php?id=student'
8300 .|    |    |    <= 'https://localhost/cas.php?login&service=http%3A%2F%2Flocalhost%2Flogin.php%3Fid%3Dstudent'
8300 .|    |    |    Redirect to : https://localhost/cas.php?login&service=http%3A%2F%2Flocalhost%2Flogin.php%3Fid%3Dstudent [Client.php:1668]
8300 .|    |    |    exit()
8300 .|    |    |    -
8300 .|    |    -
8300 .|    -
ACB2 .START (2020-05-17 22:33:33) phpCAS-1.3.8 ****************** [CAS.php:475]
ACB2 .=> phpCAS::setNoCasServerValidation() [login.php:24]
ACB2 .|    You have configured no validation of the legitimacy of the cas server. This is not recommended for production use. [CAS.php:1664]
ACB2 .<= ''
ACB2 .=> CAS_Client::handleLogoutRequests(true, array ()) [CAS.php:1298]
ACB2 .|    Not a logout request [Client.php:1744]
ACB2 .<= ''
ACB2 .=> phpCAS::forceAuthentication() [login.php:30]
ACB2 .|    => CAS_Client::forceAuthentication() [CAS.php:1120]
ACB2 .|    |    => CAS_Client::isAuthenticated() [Client.php:1286]
ACB2 .|    |    |    => CAS_Client::_wasPreviouslyAuthenticated() [Client.php:1398]
ACB2 .|    |    |    |    no user found [Client.php:1640]
ACB2 .|    |    |    <= false
ACB2 .|    |    |    CAS 2.0 ticket `ST-mew::mew@nya.net' is present [Client.php:1451]
ACB2 .|    |    |    => CAS_Client::validateCAS20('', NULL, NULL, false) [Client.php:1454]
ACB2 .|    |    |    |     [Client.php:3216]
ACB2 .|    |    |    |    => CAS_Client::getServerServiceValidateURL() [Client.php:3222]
ACB2 .|    |    |    |    |    => CAS_Client::getURL() [Client.php:453]
ACB2 .|    |    |    |    |    |    Final URI: http://localhost/login.php?id=student [Client.php:3585]
ACB2 .|    |    |    |    |    <= 'http://localhost/login.php?id=student'
ACB2 .|    |    |    |    <= 'https://localhost/cas.php?serviceValidate&service=http%3A%2F%2Flocalhost%2Flogin.php%3Fid%3Dstudent'
ACB2 .|    |    |    |    => CAS_Client::_readURL('https://localhost/cas.php?serviceValidate&service=http%3A%2F%2Flocalhost%2Flogin.php%3Fid%3Dstudent&ticket=ST-mew%3A%3Amew%40nya.net', NULL, NULL, NULL) [Client.php:3237]
ACB2 .|    |    |    |    |    => CAS_Request_CurlRequest::sendRequest() [AbstractRequest.php:242]
ACB2 .|    |    |    |    |    |    Response Body: 
ACB2 .|    |    |    |    |    |    
ACB2 .|    |    |    |    |    |            <cas:serviceResponse xmlns:cas="http://www.yale.edu/tp/cas">
ACB2 .|    |    |    |    |    |                <cas:authenticationSuccess>
ACB2 .|    |    |    |    |    |                    <cas:user>mew</cas:user>
ACB2 .|    |    |    |    |    |                    <cas:attributes>
ACB2 .|    |    |    |    |    |                        <cas:Ewuid>00487832</cas:Ewuid>
ACB2 .|    |    |    |    |    |                        <cas:UserType>Student</cas:UserType>
ACB2 .|    |    |    |    |    |                        <cas:Email>mew@nya.net</cas:Email>
ACB2 .|    |    |    |    |    |                        <cas:FirstName>mew</cas:FirstName>
ACB2 .|    |    |    |    |    |                        <cas:LastName></cas:LastName>
ACB2 .|    |    |    |    |    |                    </cas:attributes>
ACB2 .|    |    |    |    |    |                </cas:authenticationSuccess>
ACB2 .|    |    |    |    |    |            </cas:serviceResponse>
ACB2 .|    |    |    |    |    |        
ACB2 .|    |    |    |    |    |     [CurlRequest.php:84]
ACB2 .|    |    |    |    |    <= true
ACB2 .|    |    |    |    <= true
ACB2 .|    |    |    |    => CAS_Client::_readExtraAttributesCas20(DOMNodeList) [Client.php:3301]
ACB2 .|    |    |    |    |    Found nested jasig style attributes [Client.php:3383]
ACB2 .|    |    |    |    |    Attribute [Ewuid] = 00487832 [Client.php:3389]
ACB2 .|    |    |    |    |    Attribute [UserType] = Student [Client.php:3389]
ACB2 .|    |    |    |    |    Attribute [Email] = mew@nya.net [Client.php:3389]
ACB2 .|    |    |    |    |    Attribute [FirstName] = mew [Client.php:3389]
ACB2 .|    |    |    |    |    Attribute [LastName] =  [Client.php:3389]
ACB2 .|    |    |    |    <= ''
ACB2 .|    |    |    |    => CAS_ProxyChain_AllowedList::isProxyListAllowed(array ()) [Client.php:3313]
ACB2 .|    |    |    |    |    No proxies were found in the response [AllowedList.php:81]
ACB2 .|    |    |    |    <= true
ACB2 .|    |    |    |    => CAS_Client::_renameSession('ST-mew::mew@nya.net') [Client.php:3331]
ACB2 .|    |    |    |    |    Killing session: 604a93b968f314a215a115dd98e9362e982fa1b2639b7949cb582eee1eaa0304 [Client.php:3718]
ACB2 .|    |    |    |    |    Starting session: 604a93b968f314a215a115dd98e9362e982fa1b2639b7949cb582eee1eaa0304 [Client.php:3722]
ACB2 .|    |    |    |    |    Restoring old session vars [Client.php:3725]
ACB2 .|    |    |    |    <= ''
ACB2 .|    |    |    <= true
ACB2 .|    |    |    CAS 2.0 ticket `ST-mew::mew@nya.net' was validated [Client.php:1457]
ACB2 .|    |    |    => CAS_Client::getURL() [Client.php:1523]
ACB2 .|    |    |    <= 'http://localhost/login.php?id=student'
ACB2 .|    |    |    Prepare redirect to : http://localhost/login.php?id=student [Client.php:1523]
ACB2 .|    |    |    => CAS_Client::getURL() [Client.php:1525]
ACB2 .|    |    |    <= 'http://localhost/login.php?id=student'
ACB2 .|    |    |    exit()
ACB2 .|    |    |    -
ACB2 .|    |    -
ACB2 .|    -
CAEF .START (2020-05-17 22:33:34) phpCAS-1.3.8 ****************** [CAS.php:475]
CAEF .=> phpCAS::setNoCasServerValidation() [login.php:24]
CAEF .|    You have configured no validation of the legitimacy of the cas server. This is not recommended for production use. [CAS.php:1664]
CAEF .<= ''
CAEF .=> CAS_Client::handleLogoutRequests(true, array ()) [CAS.php:1298]
CAEF .|    Not a logout request [Client.php:1744]
CAEF .<= ''
CAEF .=> phpCAS::forceAuthentication() [login.php:30]
CAEF .|    => CAS_Client::forceAuthentication() [CAS.php:1120]
CAEF .|    |    => CAS_Client::isAuthenticated() [Client.php:1286]
CAEF .|    |    |    => CAS_Client::_wasPreviouslyAuthenticated() [Client.php:1398]
CAEF .|    |    |    |    user = `mew' [Client.php:1627]
CAEF .|    |    |    <= true
CAEF .|    |    |    user was already authenticated, no need to look for tickets [Client.php:1421]
CAEF .|    |    <= true
CAEF .|    |    no need to authenticate [Client.php:1288]
CAEF .|    <= true
CAEF .<= ''
